[2023-10-12 21:59:59] local.ERROR: There are no commands defined in the "ide-helper" namespace. {"exception":"[object] (Symfony\\Component\\Console\\Exception\\NamespaceNotFoundException(code: 0): There are no commands defined in the \"ide-helper\" namespace. at C:\\Users\\yiiii\\Documents\\GitHub\\MonitoringDashboard\\vendor\\symfony\\console\\Application.php:650)
[stacktrace]
#0 C:\\Users\\yiiii\\Documents\\GitHub\\MonitoringDashboard\\vendor\\symfony\\console\\Application.php(701): Symfony\\Component\\Console\\Application->findNamespace()
#1 C:\\Users\\yiiii\\Documents\\GitHub\\MonitoringDashboard\\vendor\\symfony\\console\\Application.php(259): Symfony\\Component\\Console\\Application->find()
#2 C:\\Users\\yiiii\\Documents\\GitHub\\MonitoringDashboard\\vendor\\symfony\\console\\Application.php(171): Symfony\\Component\\Console\\Application->doRun()
#3 C:\\Users\\yiiii\\Documents\\GitHub\\MonitoringDashboard\\vendor\\laravel\\framework\\src\\Illuminate\\Console\\Application.php(94): Symfony\\Component\\Console\\Application->run()
#4 C:\\Users\\yiiii\\Documents\\GitHub\\MonitoringDashboard\\vendor\\laravel\\framework\\src\\Illuminate\\Foundation\\Console\\Kernel.php(129): Illuminate\\Console\\Application->run()
#5 C:\\Users\\yiiii\\Documents\\GitHub\\MonitoringDashboard\\artisan(37): Illuminate\\Foundation\\Console\\Kernel->handle()
#6 {main}
"} 
[2023-10-13 11:28:38] local.ERROR: There are no commands defined in the "ide-helper" namespace. {"exception":"[object] (Symfony\\Component\\Console\\Exception\\NamespaceNotFoundException(code: 0): There are no commands defined in the \"ide-helper\" namespace. at C:\\Users\\yiiii\\Documents\\GitHub\\MonitoringDashboard\\vendor\\symfony\\console\\Application.php:650)
[stacktrace]
#0 C:\\Users\\yiiii\\Documents\\GitHub\\MonitoringDashboard\\vendor\\symfony\\console\\Application.php(701): Symfony\\Component\\Console\\Application->findNamespace()
#1 C:\\Users\\yiiii\\Documents\\GitHub\\MonitoringDashboard\\vendor\\symfony\\console\\Application.php(259): Symfony\\Component\\Console\\Application->find()
#2 C:\\Users\\yiiii\\Documents\\GitHub\\MonitoringDashboard\\vendor\\symfony\\console\\Application.php(171): Symfony\\Component\\Console\\Application->doRun()
#3 C:\\Users\\yiiii\\Documents\\GitHub\\MonitoringDashboard\\vendor\\laravel\\framework\\src\\Illuminate\\Console\\Application.php(94): Symfony\\Component\\Console\\Application->run()
#4 C:\\Users\\yiiii\\Documents\\GitHub\\MonitoringDashboard\\vendor\\laravel\\framework\\src\\Illuminate\\Foundation\\Console\\Kernel.php(129): Illuminate\\Console\\Application->run()
#5 C:\\Users\\yiiii\\Documents\\GitHub\\MonitoringDashboard\\artisan(37): Illuminate\\Foundation\\Console\\Kernel->handle()
#6 {main}
"} 
